Log file open, 11/24/22 13:39:05
LogConfig: Display: Loading IOS ini files took 0.03 seconds
LogConfig: Display: Loading Mac ini files took 0.03 seconds
LogConfig: Display: Loading HoloLens ini files took 0.03 seconds
LogConfig: Display: Loading Android ini files took 0.03 seconds
LogConfig: Display: Loading Unix ini files took 0.03 seconds
LogConfig: Display: Loading TVOS ini files took 0.04 seconds
LogConfig: Display: Loading LinuxArm64 ini files took 0.04 seconds
LogConfig: Display: Loading Linux ini files took 0.04 seconds
LogConfig: Display: Loading VulkanPC ini files took 0.02 seconds
LogConfig: Display: Loading Windows ini files took 0.03 seconds
LogPluginManager: Mounting Engine plugin Bridge
LogPluginManager: Mounting Engine plugin EnhancedInput
LogPluginManager: Mounting Engine plugin FastBuildController
LogPluginManager: Mounting Engine plugin MeshPainting
LogPluginManager: Mounting Engine plugin TraceUtilities
LogPluginManager: Mounting Engine plugin XGEController
LogPluginManager: Mounting Engine plugin AISupport
LogPluginManager: Mounting Engine plugin EnvironmentQueryEditor
LogPluginManager: Mounting Engine plugin NiagaraFluids
LogPluginManager: Mounting Engine plugin Niagara
LogPluginManager: Mounting Engine plugin OnlineBase
LogPluginManager: Mounting Engine plugin OnlineServices
LogPluginManager: Mounting Engine plugin OnlineSubsystem
LogPluginManager: Mounting Engine plugin OnlineSubsystemNull
LogPluginManager: Mounting Engine plugin OnlineSubsystemUtils
LogPluginManager: Mounting Engine plugin Takes
LogPluginManager: Mounting Engine plugin DatasmithContent
LogPluginManager: Mounting Engine plugin GLTFExporter
LogPluginManager: Mounting Engine plugin VariantManagerContent
LogPluginManager: Mounting Engine plugin VariantManager
LogPluginManager: Mounting Engine plugin AlembicImporter
LogPluginManager: Mounting Engine plugin LauncherChunkInstaller
LogPluginManager: Mounting Engine plugin AnimationModifierLibrary
LogPluginManager: Mounting Engine plugin ControlRig
LogPluginManager: Mounting Engine plugin ControlRigSpline
LogPluginManager: Mounting Engine plugin IKRig
LogPluginManager: Mounting Engine plugin BlendSpaceMotionAnalysis
LogPluginManager: Mounting Engine plugin InterchangeTests
LogPluginManager: Mounting Engine plugin TcpMessaging
LogPluginManager: Mounting Engine plugin UdpMessaging
LogPluginManager: Mounting Engine plugin OodleNetwork
LogPluginManager: Mounting Engine plugin AutomationUtils
LogPluginManager: Mounting Engine plugin BackChannel
LogPluginManager: Mounting Engine plugin ChaosCloth
LogPluginManager: Mounting Engine plugin ChaosCaching
LogPluginManager: Mounting Engine plugin ChaosClothEditor
LogPluginManager: Mounting Engine plugin ChaosNiagara
LogPluginManager: Mounting Engine plugin ChaosEditor
LogPluginManager: Mounting Engine plugin ChaosSolverPlugin
LogPluginManager: Mounting Engine plugin ChaosUserDataPT
LogPluginManager: Mounting Engine plugin CharacterAI
LogPluginManager: Mounting Engine plugin Dataflow
LogPluginManager: Mounting Engine plugin FullBodyIK
LogPluginManager: Mounting Engine plugin GeometryCollectionPlugin
LogPluginManager: Mounting Engine plugin GeometryFlow
LogPluginManager: Mounting Engine plugin Iris
LogPluginManager: Mounting Engine plugin Landmass
LogPluginManager: Mounting Engine plugin MeshModelingToolsetExp
LogPluginManager: Mounting Engine plugin MeshLODToolset
LogPluginManager: Mounting Engine plugin OpenImageDenoise
LogPluginManager: Mounting Engine plugin PlanarCut
LogPluginManager: Mounting Engine plugin PlatformCrypto
LogPluginManager: Mounting Engine plugin PythonScriptPlugin
LogPluginManager: Mounting Engine plugin ProxyLODPlugin
LogPluginManager: Mounting Engine plugin SkeletalReduction
LogPluginManager: Mounting Engine plugin UVEditor
LogPluginManager: Mounting Engine plugin Water
LogPluginManager: Mounting Engine plugin CameraShakePreviewer
LogPluginManager: Mounting Engine plugin InterchangeEditor
LogPluginManager: Mounting Engine plugin GameplayCameras
LogPluginManager: Mounting Engine plugin ActorSequence
LogPluginManager: Mounting Engine plugin Interchange
LogPluginManager: Found config from plugin[Interchange] Game
LogPluginManager: Mounting Engine plugin LevelSequenceEditor
LogPluginManager: Mounting Engine plugin TemplateSequence
LogPluginManager: Mounting Engine plugin SequencerScripting
LogPluginManager: Mounting Engine plugin AnimationSharing
LogPluginManager: Mounting Engine plugin CLionSourceCodeAccess
LogPluginManager: Mounting Engine plugin CodeLiteSourceCodeAccess
LogPluginManager: Mounting Engine plugin GitSourceControl
LogPluginManager: Mounting Engine plugin DumpGPUServices
LogPluginManager: Mounting Engine plugin KDevelopSourceCodeAccess
LogPluginManager: Mounting Engine plugin NullSourceCodeAccess
LogPluginManager: Mounting Engine plugin PerforceSourceControl
LogPluginManager: Mounting Engine plugin PixWinPlugin
LogPluginManager: Mounting Engine plugin PlasticSourceControl
LogPluginManager: Mounting Engine plugin PropertyAccessNode
LogPluginManager: Mounting Engine plugin TextureFormatOodle
LogPluginManager: Mounting Engine plugin PluginUtils
LogPluginManager: Mounting Engine plugin RiderSourceCodeAccess
LogPluginManager: Mounting Engine plugin SubversionSourceControl
LogPluginManager: Mounting Engine plugin TraceDataFilters
LogPluginManager: Mounting Engine plugin UObjectPlugin
LogPluginManager: Mounting Engine plugin VisualStudioSourceCodeAccess
LogPluginManager: Mounting Engine plugin VisualStudioCodeSourceCodeAccess
LogPluginManager: Mounting Engine plugin AndroidMedia
LogPluginManager: Mounting Engine plugin XCodeSourceCodeAccess
LogPluginManager: Mounting Engine plugin AvfMedia
LogPluginManager: Mounting Engine plugin ImgMedia
LogPluginManager: Mounting Engine plugin MediaCompositing
LogPluginManager: Mounting Engine plugin MediaPlayerEditor
LogPluginManager: Mounting Engine plugin MediaPlate
LogPluginManager: Mounting Engine plugin WebMMedia
LogPluginManager: Mounting Engine plugin WmfMedia
LogPluginManager: Mounting Engine plugin ActorLayerUtilities
LogPluginManager: Mounting Engine plugin AndroidDeviceProfileSelector
LogPluginManager: Mounting Engine plugin AndroidMoviePlayer
LogPluginManager: Mounting Engine plugin AndroidFileServer
LogPluginManager: Mounting Engine plugin AndroidPermission
LogPluginManager: Mounting Engine plugin AppleImageUtils
LogPluginManager: Mounting Engine plugin AppleMoviePlayer
LogPluginManager: Mounting Engine plugin ArchVisCharacter
LogPluginManager: Mounting Engine plugin AudioCapture
LogPluginManager: Mounting Engine plugin AssetTags
LogPluginManager: Mounting Engine plugin AudioSynesthesia
LogPluginManager: Mounting Engine plugin CableComponent
LogPluginManager: Mounting Engine plugin AudioWidgets
LogPluginManager: Mounting Engine plugin ChunkDownloader
LogPluginManager: Mounting Engine plugin CustomMeshComponent
LogPluginManager: Mounting Engine plugin ExampleDeviceProfileSelector
LogPluginManager: Mounting Engine plugin GeometryCache
LogPluginManager: Mounting Engine plugin GeometryProcessing
LogPluginManager: Mounting Engine plugin GooglePAD
LogPluginManager: Mounting Engine plugin GoogleCloudMessaging
LogPluginManager: Mounting Engine plugin InputDebugging
LogPluginManager: Mounting Engine plugin IOSDeviceProfileSelector
LogPluginManager: Mounting Engine plugin LinuxDeviceProfileSelector
LogPluginManager: Mounting Engine plugin LocationServicesBPLibrary
LogPluginManager: Mounting Engine plugin MeshModelingToolset
LogPluginManager: Mounting Engine plugin Metasound
LogPluginManager: Mounting Engine plugin MobilePatchingUtils
LogPluginManager: Mounting Engine plugin ProceduralMeshComponent
LogPluginManager: Mounting Engine plugin PropertyAccessEditor
LogPluginManager: Mounting Engine plugin SignificanceManager
LogPluginManager: Mounting Engine plugin SoundFields
LogPluginManager: Mounting Engine plugin ResonanceAudio
LogPluginManager: Mounting Engine plugin WaveTable
LogPluginManager: Mounting Engine plugin Synthesis
LogPluginManager: Mounting Engine plugin WebMMoviePlayer
LogPluginManager: Mounting Engine plugin WindowsDeviceProfileSelector
LogPluginManager: Mounting Engine plugin WindowsMoviePlayer
LogPluginManager: Mounting Engine plugin AssetManagerEditor
LogPluginManager: Mounting Engine plugin Paper2D
LogPluginManager: Mounting Engine plugin BlueprintMaterialTextureNodes
LogPluginManager: Mounting Engine plugin BlueprintHeaderView
LogPluginManager: Mounting Engine plugin CryptoKeys
LogPluginManager: Mounting Engine plugin CurveEditorTools
LogPluginManager: Mounting Engine plugin DataValidation
LogPluginManager: Mounting Engine plugin EditorDebugTools
LogPluginManager: Mounting Engine plugin FacialAnimation
LogPluginManager: Mounting Engine plugin GameplayTagsEditor
LogPluginManager: Mounting Engine plugin EditorScriptingUtilities
LogPluginManager: Mounting Engine plugin GeometryMode
LogPluginManager: Mounting Engine plugin GLTFImporter
LogPluginManager: Mounting Engine plugin MacGraphicsSwitching
LogPluginManager: Mounting Engine plugin SequencerAnimTools
LogPluginManager: Mounting Engine plugin PluginBrowser
LogPluginManager: Mounting Engine plugin MaterialAnalyzer
LogPluginManager: Mounting Engine plugin ModelingToolsEditorMode
LogPluginManager: Mounting Engine plugin MobileLauncherProfileWizard
LogPluginManager: Mounting Engine plugin StylusInput
LogPluginManager: Mounting Engine plugin SpeedTreeImporter
LogPluginManager: Mounting Engine plugin WorldPartitionHLODUtilities
LogPluginManager: Mounting Engine plugin ContentBrowserAssetDataSource
LogPluginManager: Mounting Engine plugin ContentBrowserClassDataSource
LogPluginManager: Mounting Engine plugin ContentBrowserFileDataSource
LogPluginManager: Mounting Engine plugin OnlineSubsystemGooglePlay
LogPluginManager: Mounting Engine plugin OnlineSubsystemIOS
LogPluginManager: Mounting Engine plugin LightMixer
LogPluginManager: Mounting Engine plugin ObjectMixer
LogPackageName: Display: FPackageName: Mount point added: '../../Plugins/Bridge/Content/' mounted to '/Bridge/'
LogPackageName: Display: FPackageName: Mount point added: '../../Plugins/FX/NiagaraFluids/Content/' mounted to '/NiagaraFluids/'
LogPackageName: Display: FPackageName: Mount point added: '../../Plugins/FX/Niagara/Content/' mounted to '/Niagara/'
LogPackageName: Display: FPackageName: Mount point added: '../../Plugins/VirtualProduction/Takes/Content/' mounted to '/Takes/'
LogPackageName: Display: FPackageName: Mount point added: '../../Plugins/Enterprise/DatasmithContent/Content/' mounted to '/DatasmithContent/'
LogPackageName: Display: FPackageName: Mount point added: '../../Plugins/Enterprise/GLTFExporter/Content/' mounted to '/GLTFExporter/'
LogPackageName: Display: FPackageName: Mount point added: '../../Plugins/Animation/ControlRig/Content/' mounted to '/ControlRig/'
LogPackageName: Display: FPackageName: Mount point added: '../../Plugins/Animation/ControlRigSpline/Content/' mounted to '/ControlRigSpline/'
LogPackageName: Display: FPackageName: Mount point added: '../../Plugins/Animation/IKRig/Content/' mounted to '/IKRig/'
LogPackageName: Display: FPackageName: Mount point added: '../../Plugins/Experimental/ChaosCaching/Content/' mounted to '/ChaosCaching/'
LogPackageName: Display: FPackageName: Mount point added: '../../Plugins/Experimental/ChaosClothEditor/Content/' mounted to '/ChaosClothEditor/'
LogPackageName: Display: FPackageName: Mount point added: '../../Plugins/Experimental/ChaosNiagara/Content/' mounted to '/ChaosNiagara/'
LogPackageName: Display: FPackageName: Mount point added: '../../Plugins/Experimental/ChaosSolverPlugin/Content/' mounted to '/ChaosSolverPlugin/'
LogPackageName: Display: FPackageName: Mount point added: '../../Plugins/Experimental/Dataflow/Content/' mounted to '/Dataflow/'
LogPackageName: Display: FPackageName: Mount point added: '../../Plugins/Experimental/FullBodyIK/Content/' mounted to '/FullBodyIK/'
LogPackageName: Display: FPackageName: Mount point added: '../../Plugins/Experimental/GeometryCollectionPlugin/Content/' mounted to '/GeometryCollectionPlugin/'
LogPackageName: Display: FPackageName: Mount point added: '../../Plugins/Experimental/GeometryFlow/Content/' mounted to '/GeometryFlow/'
LogPackageName: Display: FPackageName: Mount point added: '../../Plugins/Experimental/Landmass/Content/' mounted to '/Landmass/'
LogPackageName: Display: FPackageName: Mount point added: '../../Plugins/Experimental/MeshModelingToolsetExp/Content/' mounted to '/MeshModelingToolsetExp/'
LogPackageName: Display: FPackageName: Mount point added: '../../Plugins/Experimental/MeshLODToolset/Content/' mounted to '/MeshLODToolset/'
LogPackageName: Display: FPackageName: Mount point added: '../../Plugins/Experimental/PythonScriptPlugin/Content/' mounted to '/PythonScriptPlugin/'
LogPackageName: Display: FPackageName: Mount point added: '../../Plugins/Experimental/UVEditor/Content/' mounted to '/UVEditor/'
LogPackageName: Display: FPackageName: Mount point added: '../../Plugins/Experimental/Water/Content/' mounted to '/Water/'
LogPackageName: Display: FPackageName: Mount point added: '../../Plugins/Interchange/Runtime/Content/' mounted to '/Interchange/'
LogPackageName: Display: FPackageName: Mount point added: '../../Plugins/MovieScene/SequencerScripting/Content/' mounted to '/SequencerScripting/'
LogPackageName: Display: FPackageName: Mount point added: '../../Plugins/Developer/AnimationSharing/Content/' mounted to '/AnimationSharing/'
LogPackageName: Display: FPackageName: Mount point added: '../../Plugins/Media/MediaCompositing/Content/' mounted to '/MediaCompositing/'
LogPackageName: Display: FPackageName: Mount point added: '../../Plugins/Media/MediaPlate/Content/' mounted to '/MediaPlate/'
LogPackageName: Display: FPackageName: Mount point added: '../../Plugins/Runtime/AudioSynesthesia/Content/' mounted to '/AudioSynesthesia/'
LogPackageName: Display: FPackageName: Mount point added: '../../Plugins/Runtime/AudioWidgets/Content/' mounted to '/AudioWidgets/'
LogPackageName: Display: FPackageName: Mount point added: '../../Plugins/Runtime/GeometryProcessing/Content/' mounted to '/GeometryProcessing/'
LogPackageName: Display: FPackageName: Mount point added: '../../Plugins/Runtime/MeshModelingToolset/Content/' mounted to '/MeshModelingToolset/'
LogPackageName: Display: FPackageName: Mount point added: '../../Plugins/Runtime/Metasound/Content/' mounted to '/Metasound/'
LogPackageName: Display: FPackageName: Mount point added: '../../Plugins/Runtime/ResonanceAudio/Content/' mounted to '/ResonanceAudio/'
LogPackageName: Display: FPackageName: Mount point added: '../../Plugins/Runtime/WaveTable/Content/' mounted to '/WaveTable/'
LogPackageName: Display: FPackageName: Mount point added: '../../Plugins/Runtime/Synthesis/Content/' mounted to '/Synthesis/'
LogPackageName: Display: FPackageName: Mount point added: '../../Plugins/2D/Paper2D/Content/' mounted to '/Paper2D/'
LogPackageName: Display: FPackageName: Mount point added: '../../Plugins/Editor/BlueprintHeaderView/Content/' mounted to '/BlueprintHeaderView/'
LogPackageName: Display: FPackageName: Mount point added: '../../Plugins/Editor/GeometryMode/Content/' mounted to '/GeometryMode/'
LogPackageName: Display: FPackageName: Mount point added: '../../Plugins/Editor/GLTFImporter/Content/' mounted to '/GLTFImporter/'
LogPackageName: Display: FPackageName: Mount point added: '../../Plugins/Editor/ModelingToolsEditorMode/Content/' mounted to '/ModelingToolsEditorMode/'
LogPackageName: Display: FPackageName: Mount point added: '../../Plugins/Editor/SpeedTreeImporter/Content/' mounted to '/SpeedTreeImporter/'
LogPackageName: Display: FPackageName: Mount point added: '../../Plugins/Editor/ObjectMixer/LightMixer/Content/' mounted to '/LightMixer/'
LogPackageName: Display: FPackageName: Mount point added: '../../Plugins/Editor/ObjectMixer/ObjectMixer/Content/' mounted to '/ObjectMixer/'
SourceControl: Source control is disabled
SourceControl: Source control is disabled
LogInit: Using libcurl 7.83.1
LogInit:  - built for Windows
LogInit:  - supports SSL with OpenSSL/1.1.1n
LogInit:  - supports HTTP deflate (compression) using libz 1.2.12
LogInit:  - other features:
LogInit:      CURL_VERSION_SSL
LogInit:      CURL_VERSION_LIBZ
LogInit:      CURL_VERSION_IPV6
LogInit:      CURL_VERSION_ASYNCHDNS
LogInit:      CURL_VERSION_LARGEFILE
LogInit:  CurlRequestOptions (configurable via config and command line):
LogInit:  - bVerifyPeer = true  - Libcurl will verify peer certificate
LogInit:  - bUseHttpProxy = false  - Libcurl will NOT use HTTP proxy
LogInit:  - bDontReuseConnections = false  - Libcurl will reuse connections
LogInit:  - MaxHostConnections = 16  - Libcurl will limit the number of connections to a host
LogInit:  - LocalHostAddr = Default
LogInit:  - BufferSize = 65536
LogInit: WinSock: version 1.1 (2.2), MaxSocks=32767, MaxUdp=65467
LogOnline: OSS: Created online subsystem instance for: NULL
LogOnline: OSS: TryLoadSubsystemAndSetDefault: Loaded subsystem for module [NULL]
PixWinPlugin: PIX capture plugin failed to initialize! Check that the process is launched from PIX.
LogInit: Build: ++UE5+Release-5.1-CL-23058290
LogInit: Engine Version: 5.1.0-23058290+++UE5+Release-5.1
LogInit: Compatible Engine Version: 5.1.0-23058290+++UE5+Release-5.1
LogInit: Net CL: 23058290
LogInit: OS: Windows 10 (21H2) [10.0.19044.2251] (), CPU: AMD Ryzen 5 5600X 6-Core Processor             , GPU: NVIDIA GeForce GTX 1660 SUPER
LogInit: Compiled (64-bit): Nov  9 2022 18:31:23
LogInit: Compiled with Visual C++: 19.29.30146.00
LogInit: Build Configuration: Development
LogInit: Branch Name: ++UE5+Release-5.1
LogInit: Command Line: 
LogInit: Base Directory: C:/Program Files/Epic Games/UE_5.1/Engine/Binaries/Win64/
LogInit: Allocator: Mimalloc
LogInit: Installed Engine Build: 1
LogDevObjectVersion: Number of dev versions registered: 35
LogDevObjectVersion:   Dev-Blueprints (B0D832E4-1F89-4F0D-ACCF-7EB736FD4AA2): 10
LogDevObjectVersion:   Dev-Build (E1C64328-A22C-4D53-A36C-8E866417BD8C): 0
LogDevObjectVersion:   Dev-Core (375EC13C-06E4-48FB-B500-84F0262A717E): 4
LogDevObjectVersion:   Dev-Editor (E4B068ED-F494-42E9-A231-DA0B2E46BB41): 40
LogDevObjectVersion:   Dev-Framework (CFFC743F-43B0-4480-9391-14DF171D2073): 37
LogDevObjectVersion:   Dev-Mobile (B02B49B5-BB20-44E9-A304-32B752E40360): 3
LogDevObjectVersion:   Dev-Networking (A4E4105C-59A1-49B5-A7C5-40C4547EDFEE): 0
LogDevObjectVersion:   Dev-Online (39C831C9-5AE6-47DC-9A44-9C173E1C8E7C): 0
LogDevObjectVersion:   Dev-Physics (78F01B33-EBEA-4F98-B9B4-84EACCB95AA2): 20
LogDevObjectVersion:   Dev-Platform (6631380F-2D4D-43E0-8009-CF276956A95A): 0
LogDevObjectVersion:   Dev-Rendering (12F88B9F-8875-4AFC-A67C-D90C383ABD29): 45
LogDevObjectVersion:   Dev-Sequencer (7B5AE74C-D270-4C10-A958-57980B212A5A): 13
LogDevObjectVersion:   Dev-VR (D7296918-1DD6-4BDD-9DE2-64A83CC13884): 3
LogDevObjectVersion:   Dev-LoadTimes (C2A15278-BFE7-4AFE-6C17-90FF531DF755): 1
LogDevObjectVersion:   Private-Geometry (6EACA3D4-40EC-4CC1-B786-8BED09428FC5): 3
LogDevObjectVersion:   Dev-AnimPhys (29E575DD-E0A3-4627-9D10-D276232CDCEA): 17
LogDevObjectVersion:   Dev-Anim (AF43A65D-7FD3-4947-9873-3E8ED9C1BB05): 15
LogDevObjectVersion:   Dev-ReflectionCapture (6B266CEC-1EC7-4B8F-A30B-E4D90942FC07): 1
LogDevObjectVersion:   Dev-Automation (0DF73D61-A23F-47EA-B727-89E90C41499A): 1
LogDevObjectVersion:   FortniteMain (601D1886-AC64-4F84-AA16-D3DE0DEAC7D6): 80
LogDevObjectVersion:   FortniteNC (5B4C06B7-2463-4AF8-805B-BF70CDF5D0DD): 10
LogDevObjectVersion:   FortniteRelease (E7086368-6B23-4C58-8439-1B7016265E91): 4
LogDevObjectVersion:   Dev-Enterprise (9DFFBCD6-494F-0158-E221-12823C92A888): 10
LogDevObjectVersion:   Dev-Niagara (F2AED0AC-9AFE-416F-8664-AA7FFA26D6FC): 1
LogDevObjectVersion:   Dev-Destruction (174F1F0B-B4C6-45A5-B13F-2EE8D0FB917D): 10
LogDevObjectVersion:   Dev-Physics-Ext (35F94A83-E258-406C-A318-09F59610247C): 41
LogDevObjectVersion:   Dev-PhysicsMaterial-Chaos (B68FC16E-8B1B-42E2-B453-215C058844FE): 1
LogDevObjectVersion:   Dev-CineCamera (B2E18506-4273-CFC2-A54E-F4BB758BBA07): 1
LogDevObjectVersion:   Dev-VirtualProduction (64F58936-FD1B-42BA-BA96-7289D5D0FA4E): 1
LogDevObjectVersion:   UE5-Main (697DD581-E64F-41AB-AA4A-51ECBEB7B628): 88
LogDevObjectVersion:   UE5-Release (D89B5E42-24BD-4D46-8412-ACA8DF641779): 41
LogDevObjectVersion:   UE5-PrivateFrosty (59DA5D52-1232-4948-B878-597870B8E98B): 8
LogDevObjectVersion:   UE5-Dev-Cooker (26075A32-730F-4708-88E9-8C32F1599D05): 0
LogDevObjectVersion:   Dev-MediaFramework (6F0ED827-A609-4895-9C91-998D90180EA4): 2
LogDevObjectVersion:   UE5-Dev-LWCRendering (30D58BE3-95EA-4282-A6E3-B159D8EBB06A): 1
LogCoreRedirects: AddRedirect(C:/Users/ringe/Documents/GitHub/Mystic Isles/MythicIsles 5.1/Saved/Config/WindowsEditor/NiagaraFluids.ini) has substring redirect /NiagaraSimulationStages/, these are very slow and should be resolved as soon as possible!
LogInit: Presizing for max 2147483647 objects, including 0 objects not considered by GC, pre-allocating 0 bytes for permanent pool.
LogWindows: Error: appError called: Assertion failed: Result + NumToAdd <= MaxElements [File:D:\build\++UE5\Sync\Engine\Source\Runtime\CoreUObject\Public\UObject\UObjectArray.h] [Line: 544] 
Maximum number of UObjects (-2147483648) exceeded, make sure you update MaxObjectsInGame/MaxObjectsInEditor/MaxObjectsInProgram in project settings.

LogWindows: Windows GetLastError: The operation completed successfully. (0)
LogWindows: Error: === Critical error: ===
LogWindows: Error: 
LogWindows: Error: Assertion failed: Result + NumToAdd <= MaxElements [File:D:\build\++UE5\Sync\Engine\Source\Runtime\CoreUObject\Public\UObject\UObjectArray.h] [Line: 544] 
LogWindows: Error: Maximum number of UObjects (-2147483648) exceeded, make sure you update MaxObjectsInGame/MaxObjectsInEditor/MaxObjectsInProgram in project settings.
LogWindows: Error: 
LogWindows: Error: 
LogWindows: Error: [Callstack] 0x00007ff9a10cd903 UnrealEditor-CoreUObject.dll!UnknownFunction []
LogWindows: Error: [Callstack] 0x00007ff9a10d171c UnrealEditor-CoreUObject.dll!UnknownFunction []
LogWindows: Error: [Callstack] 0x00007ff9a10cbb38 UnrealEditor-CoreUObject.dll!UnknownFunction []
LogWindows: Error: [Callstack] 0x00007ff9a1104f19 UnrealEditor-CoreUObject.dll!UnknownFunction []
LogWindows: Error: [Callstack] 0x00007ff9a11067aa UnrealEditor-CoreUObject.dll!UnknownFunction []
LogWindows: Error: [Callstack] 0x00007ff9a10d9ba9 UnrealEditor-CoreUObject.dll!UnknownFunction []
LogWindows: Error: [Callstack] 0x00007ff9a10da644 UnrealEditor-CoreUObject.dll!UnknownFunction []
LogWindows: Error: [Callstack] 0x00007ff9a0df129e UnrealEditor-CoreUObject.dll!UnknownFunction []
LogWindows: Error: [Callstack] 0x00007ff9a110ecfa UnrealEditor-CoreUObject.dll!UnknownFunction []
LogWindows: Error: [Callstack] 0x00007ff9a111011e UnrealEditor-CoreUObject.dll!UnknownFunction []
LogWindows: Error: [Callstack] 0x00007ff9a110eba9 UnrealEditor-CoreUObject.dll!UnknownFunction []
LogWindows: Error: [Callstack] 0x00007ff9a0ff4473 UnrealEditor-CoreUObject.dll!UnknownFunction []
LogWindows: Error: [Callstack] 0x00007ff9a0fcc0f7 UnrealEditor-CoreUObject.dll!UnknownFunction []
LogWindows: Error: [Callstack] 0x00007ff9a0e706d7 UnrealEditor-CoreUObject.dll!UnknownFunction []
LogWindows: Error: [Callstack] 0x00007ff736d985d9 UnrealEditor.exe!UnknownFunction []
LogWindows: Error: [Callstack] 0x00007ff736d97afa UnrealEditor.exe!UnknownFunction []
LogWindows: Error: [Callstack] 0x00007ff736daf296 UnrealEditor.exe!UnknownFunction []
LogWindows: Error: [Callstack] 0x00007ff736da2662 UnrealEditor.exe!UnknownFunction []
LogWindows: Error: [Callstack] 0x00007ff736da296a UnrealEditor.exe!UnknownFunction []
LogWindows: Error: [Callstack] 0x00007ff736da5680 UnrealEditor.exe!UnknownFunction []
LogWindows: Error: [Callstack] 0x00007ff736db71b4 UnrealEditor.exe!UnknownFunction []
LogWindows: Error: [Callstack] 0x00007ff736dba516 UnrealEditor.exe!UnknownFunction []
LogWindows: Error: [Callstack] 0x00007ff9f6a674b4 KERNEL32.DLL!UnknownFunction []
LogWindows: Error: [Callstack] 0x00007ff9f81c26a1 ntdll.dll!UnknownFunction []
LogWindows: Error: 
LogExit: Executing StaticShutdownAfterError
LogWindows: FPlatformMisc::RequestExit(1)
LogWindows: FPlatformMisc::RequestExitWithStatus(1, 3)
LogCore: Engine exit requested (reason: Win RequestExit)
